<?xml version="1.0" encoding="UTF-8"?>
<testng-results skipped="0" failed="0" ignored="0" total="1" passed="1">
  <reporter-output>
  </reporter-output>
  <suite name="Default suite" duration-ms="30095" started-at="2019-10-01T02:18:00Z" finished-at="2019-10-01T02:18:30Z">
    <groups>
    </groups>
    <test name="Default test" duration-ms="30095" started-at="2019-10-01T02:18:00Z" finished-at="2019-10-01T02:18:30Z">
      <class name="DriverFactory.AppTest">
        <test-method status="PASS" signature="kickStart()[pri:0, instance:DriverFactory.AppTest@1753acfe]" name="kickStart" duration-ms="30070" started-at="2019-10-01T02:18:00Z" finished-at="2019-10-01T02:18:30Z">
          <reporter-output>
          </reporter-output>
        </test-method> <!-- kickStart -->
      </class> <!-- DriverFactory.AppTest -->
    </test> <!-- Default test -->
  </suite> <!-- Default suite -->
</testng-results>
